# JRE version: Java(TM) SE Runtime Environment (8.0_144-b01) (build 1.8.0_144-b01)
# Java VM: Java HotSpot(TM) 64-Bit Server VM (25.144-b01 mixed mode windows-amd64 compressed oops)
Heap:
 PSYoungGen      total 35328K, used 18746K [0x00000000eb180000, 0x00000000ed680000, 0x0000000100000000)
  eden space 32768K, 50% used [0x00000000eb180000,0x00000000ec1a6528,0x00000000ed180000)
  from space 2560K, 86% used [0x00000000ed180000,0x00000000ed3a8550,0x00000000ed400000)
  to   space 2560K, 0% used [0x00000000ed400000,0x00000000ed400000,0x00000000ed680000)
 ParOldGen       total 33280K, used 6682K [0x00000000c1400000, 0x00000000c3480000, 0x00000000eb180000)
  object space 33280K, 20% used [0x00000000c1400000,0x00000000c1a86898,0x00000000c3480000)
 Metaspace       used 24493K, capacity 25258K, committed 25344K, reserved 1071104K
  class space    used 3124K, capacity 3313K, committed 3328K, reserved 1048576K
GC Heap History (10 events):
Event: 2.092 GC heap before
{Heap before GC invocations=6 (full 0):
 PSYoungGen      total 35328K, used 35312K [0x00000000eb180000, 0x00000000ed680000, 0x0000000100000000)
  eden space 32768K, 100% used [0x00000000eb180000,0x00000000ed180000,0x00000000ed180000)
  from space 2560K, 99% used [0x00000000ed180000,0x00000000ed3fc030,0x00000000ed400000)
  to   space 2560K, 0% used [0x00000000ed400000,0x00000000ed400000,0x00000000ed680000)
 ParOldGen       total 44032K, used 6108K [0x00000000c1400000, 0x00000000c3f00000, 0x00000000eb180000)
  object space 44032K, 13% used [0x00000000c1400000,0x00000000c19f7000,0x00000000c3f00000)
 Metaspace       used 19521K, capacity 20096K, committed 20352K, reserved 1067008K
  class space    used 2482K, capacity 2622K, committed 2688K, reserved 1048576K
Event: 2.100 GC heap after
Heap after GC invocations=6 (full 0):
 PSYoungGen      total 35328K, used 2544K [0x00000000eb180000, 0x00000000ed680000, 0x0000000100000000)
  eden space 32768K, 0% used [0x00000000eb180000,0x00000000eb180000,0x00000000ed180000)
  from space 2560K, 99% used [0x00000000ed400000,0x00000000ed67c030,0x00000000ed680000)
  to   space 2560K, 0% used [0x00000000ed180000,0x00000000ed180000,0x00000000ed400000)
 ParOldGen       total 44032K, used 10136K [0x00000000c1400000, 0x00000000c3f00000, 0x00000000eb180000)
  object space 44032K, 23% used [0x00000000c1400000,0x00000000c1de6380,0x00000000c3f00000)
 Metaspace       used 19521K, capacity 20096K, committed 20352K, reserved 1067008K
  class space    used 2482K, capacity 2622K, committed 2688K, reserved 1048576K
}
Event: 2.210 GC heap before
{Heap before GC invocations=7 (full 0):
 PSYoungGen      total 35328K, used 17190K [0x00000000eb180000, 0x00000000ed680000, 0x0000000100000000)
  eden space 32768K, 44% used [0x00000000eb180000,0x00000000ebfcd948,0x00000000ed180000)
  from space 2560K, 99% used [0x00000000ed400000,0x00000000ed67c030,0x00000000ed680000)
  to   space 2560K, 0% used [0x00000000ed180000,0x00000000ed180000,0x00000000ed400000)
 ParOldGen       total 44032K, used 10136K [0x00000000c1400000, 0x00000000c3f00000, 0x00000000eb180000)
  object space 44032K, 23% used [0x00000000c1400000,0x00000000c1de6380,0x00000000c3f00000)
 Metaspace       used 20590K, capacity 21112K, committed 21248K, reserved 1067008K
  class space    used 2639K, capacity 2790K, committed 2816K, reserved 1048576K
Event: 2.217 GC heap after
Heap after GC invocations=7 (full 0):
 PSYoungGen      total 35328K, used 2536K [0x00000000eb180000, 0x00000000ed680000, 0x0000000100000000)
  eden space 32768K, 0% used [0x00000000eb180000,0x00000000eb180000,0x00000000ed180000)
  from space 2560K, 99% used [0x00000000ed180000,0x00000000ed3fa068,0x00000000ed400000)
  to   space 2560K, 0% used [0x00000000ed400000,0x00000000ed400000,0x00000000ed680000)
 ParOldGen       total 44032K, used 11929K [0x00000000c1400000, 0x00000000c3f00000, 0x00000000eb180000)
  object space 44032K, 27% used [0x00000000c1400000,0x00000000c1fa6630,0x00000000c3f00000)
 Metaspace       used 20590K, capacity 21112K, committed 21248K, reserved 1067008K
  class space    used 2639K, capacity 2790K, committed 2816K, reserved 1048576K
}
Event: 2.217 GC heap before
{Heap before GC invocations=8 (full 1):
 PSYoungGen      total 35328K, used 2536K [0x00000000eb180000, 0x00000000ed680000, 0x0000000100000000)
  eden space 32768K, 0% used [0x00000000eb180000,0x00000000eb180000,0x00000000ed180000)
  from space 2560K, 99% used [0x00000000ed180000,0x00000000ed3fa068,0x00000000ed400000)
  to   space 2560K, 0% used [0x00000000ed400000,0x00000000ed400000,0x00000000ed680000)
 ParOldGen       total 44032K, used 11929K [0x00000000c1400000, 0x00000000c3f00000, 0x00000000eb180000)
  object space 44032K, 27% used [0x00000000c1400000,0x00000000c1fa6630,0x00000000c3f00000)
 Metaspace       used 20590K, capacity 21112K, committed 21248K, reserved 1067008K
  class space    used 2639K, capacity 2790K, committed 2816K, reserved 1048576K
Event: 2.260 GC heap after
Heap after GC invocations=8 (full 1):
 PSYoungGen      total 35328K, used 0K [0x00000000eb180000, 0x00000000ed680000, 0x0000000100000000)
  eden space 32768K, 0% used [0x00000000eb180000,0x00000000eb180000,0x00000000ed180000)
  from space 2560K, 0% used [0x00000000ed180000,0x00000000ed180000,0x00000000ed400000)
  to   space 2560K, 0% used [0x00000000ed400000,0x00000000ed400000,0x00000000ed680000)
 ParOldGen       total 33280K, used 5839K [0x00000000c1400000, 0x00000000c3480000, 0x00000000eb180000)
  object space 33280K, 17% used [0x00000000c1400000,0x00000000c19b3f48,0x00000000c3480000)
 Metaspace       used 20590K, capacity 21112K, committed 21248K, reserved 1067008K
  class space    used 2639K, capacity 2790K, committed 2816K, reserved 1048576K
}
Event: 3.081 GC heap before
{Heap before GC invocations=9 (full 1):
 PSYoungGen      total 35328K, used 32768K [0x00000000eb180000, 0x00000000ed680000, 0x0000000100000000)
  eden space 32768K, 100% used [0x00000000eb180000,0x00000000ed180000,0x00000000ed180000)
  from space 2560K, 0% used [0x00000000ed180000,0x00000000ed180000,0x00000000ed400000)
  to   space 2560K, 0% used [0x00000000ed400000,0x00000000ed400000,0x00000000ed680000)
 ParOldGen       total 33280K, used 5839K [0x00000000c1400000, 0x00000000c3480000, 0x00000000eb180000)
  object space 33280K, 17% used [0x00000000c1400000,0x00000000c19b3f48,0x00000000c3480000)
 Metaspace       used 23714K, capacity 24392K, committed 24576K, reserved 1071104K
  class space    used 3018K, capacity 3212K, committed 3328K, reserved 1048576K
Event: 3.087 GC heap after
Heap after GC invocations=9 (full 1):
 PSYoungGen      total 35328K, used 2556K [0x00000000eb180000, 0x00000000ed680000, 0x0000000100000000)
  eden space 32768K, 0% used [0x00000000eb180000,0x00000000eb180000,0x00000000ed180000)
  from space 2560K, 99% used [0x00000000ed400000,0x00000000ed67f138,0x00000000ed680000)
  to   space 2560K, 0% used [0x00000000ed180000,0x00000000ed180000,0x00000000ed400000)
 ParOldGen       total 33280K, used 6674K [0x00000000c1400000, 0x00000000c3480000, 0x00000000eb180000)
  object space 33280K, 20% used [0x00000000c1400000,0x00000000c1a84898,0x00000000c3480000)
 Metaspace       used 23714K, capacity 24392K, committed 24576K, reserved 1071104K
  class space    used 3018K, capacity 3212K, committed 3328K, reserved 1048576K
}
Event: 3.147 GC heap before
{Heap before GC invocations=10 (full 1):
 PSYoungGen      total 35328K, used 35324K [0x00000000eb180000, 0x00000000ed680000, 0x0000000100000000)
  eden space 32768K, 100% used [0x00000000eb180000,0x00000000ed180000,0x00000000ed180000)
  from space 2560K, 99% used [0x00000000ed400000,0x00000000ed67f138,0x00000000ed680000)
  to   space 2560K, 0% used [0x00000000ed180000,0x00000000ed180000,0x00000000ed400000)
 ParOldGen       total 33280K, used 6674K [0x00000000c1400000, 0x00000000c3480000, 0x00000000eb180000)
  object space 33280K, 20% used [0x00000000c1400000,0x00000000c1a84898,0x00000000c3480000)
 Metaspace       used 23818K, capacity 24456K, committed 24576K, reserved 1071104K
  class space    used 3030K, capacity 3212K, committed 3328K, reserved 1048576K
Event: 3.151 GC heap after
Heap after GC invocations=10 (full 1):
 PSYoungGen      total 35328K, used 2209K [0x00000000eb180000, 0x00000000ed680000, 0x0000000100000000)
  eden space 32768K, 0% used [0x00000000eb180000,0x00000000eb180000,0x00000000ed180000)
  from space 2560K, 86% used [0x00000000ed180000,0x00000000ed3a8550,0x00000000ed400000)
  to   space 2560K, 0% used [0x00000000ed400000,0x00000000ed400000,0x00000000ed680000)
 ParOldGen       total 33280K, used 6682K [0x00000000c1400000, 0x00000000c3480000, 0x00000000eb180000)
  object space 33280K, 20% used [0x00000000c1400000,0x00000000c1a86898,0x00000000c3480000)
 Metaspace       used 23818K, capacity 24456K, committed 24576K, reserved 1071104K
  class space    used 3030K, capacity 3212K, committed 3328K, reserved 1048576K
}

