# JRE version: Java(TM) SE Runtime Environment (8.0_144-b01) (build 1.8.0_144-b01)
# Java VM: Java HotSpot(TM) 64-Bit Server VM (25.144-b01 mixed mode windows-amd64 compressed oops)
Heap:
 PSYoungGen      total 70144K, used 26819K [0x00000000eb180000, 0x00000000f1f80000, 0x0000000100000000)
  eden space 64512K, 36% used [0x00000000eb180000,0x00000000ec85ab60,0x00000000ef080000)
  from space 5632K, 60% used [0x00000000ef700000,0x00000000efa56210,0x00000000efc80000)
  to   space 6656K, 0% used [0x00000000ef080000,0x00000000ef080000,0x00000000ef700000)
 ParOldGen       total 32256K, used 6594K [0x00000000c1400000, 0x00000000c3380000, 0x00000000eb180000)
  object space 32256K, 20% used [0x00000000c1400000,0x00000000c1a70a30,0x00000000c3380000)
 Metaspace       used 25002K, capacity 25838K, committed 25984K, reserved 1071104K
  class space    used 3200K, capacity 3389K, committed 3456K, reserved 1048576K
GC Heap History (10 events):
Event: 3.066 GC heap before
{Heap before GC invocations=5 (full 0):
 PSYoungGen      total 35328K, used 35312K [0x00000000eb180000, 0x00000000ed680000, 0x0000000100000000)
  eden space 32768K, 100% used [0x00000000eb180000,0x00000000ed180000,0x00000000ed180000)
  from space 2560K, 99% used [0x00000000ed400000,0x00000000ed67c010,0x00000000ed680000)
  to   space 2560K, 0% used [0x00000000ed180000,0x00000000ed180000,0x00000000ed400000)
 ParOldGen       total 44032K, used 3536K [0x00000000c1400000, 0x00000000c3f00000, 0x00000000eb180000)
  object space 44032K, 8% used [0x00000000c1400000,0x00000000c1774380,0x00000000c3f00000)
 Metaspace       used 15304K, capacity 15760K, committed 16000K, reserved 1062912K
  class space    used 2019K, capacity 2142K, committed 2176K, reserved 1048576K
Event: 3.073 GC heap after
Heap after GC invocations=5 (full 0):
 PSYoungGen      total 35328K, used 2528K [0x00000000eb180000, 0x00000000efc80000, 0x0000000100000000)
  eden space 32768K, 0% used [0x00000000eb180000,0x00000000eb180000,0x00000000ed180000)
  from space 2560K, 98% used [0x00000000ed180000,0x00000000ed3f8020,0x00000000ed400000)
  to   space 5632K, 0% used [0x00000000ef700000,0x00000000ef700000,0x00000000efc80000)
 ParOldGen       total 44032K, used 6297K [0x00000000c1400000, 0x00000000c3f00000, 0x00000000eb180000)
  object space 44032K, 14% used [0x00000000c1400000,0x00000000c1a26778,0x00000000c3f00000)
 Metaspace       used 15304K, capacity 15760K, committed 16000K, reserved 1062912K
  class space    used 2019K, capacity 2142K, committed 2176K, reserved 1048576K
}
Event: 4.294 GC heap before
{Heap before GC invocations=6 (full 0):
 PSYoungGen      total 35328K, used 35296K [0x00000000eb180000, 0x00000000efc80000, 0x0000000100000000)
  eden space 32768K, 100% used [0x00000000eb180000,0x00000000ed180000,0x00000000ed180000)
  from space 2560K, 98% used [0x00000000ed180000,0x00000000ed3f8020,0x00000000ed400000)
  to   space 5632K, 0% used [0x00000000ef700000,0x00000000ef700000,0x00000000efc80000)
 ParOldGen       total 44032K, used 6297K [0x00000000c1400000, 0x00000000c3f00000, 0x00000000eb180000)
  object space 44032K, 14% used [0x00000000c1400000,0x00000000c1a26778,0x00000000c3f00000)
 Metaspace       used 19202K, capacity 19810K, committed 20096K, reserved 1067008K
  class space    used 2447K, capacity 2603K, committed 2688K, reserved 1048576K
Event: 4.301 GC heap after
Heap after GC invocations=6 (full 0):
 PSYoungGen      total 69632K, used 5627K [0x00000000eb180000, 0x00000000eff80000, 0x0000000100000000)
  eden space 64000K, 0% used [0x00000000eb180000,0x00000000eb180000,0x00000000ef000000)
  from space 5632K, 99% used [0x00000000ef700000,0x00000000efc7ef88,0x00000000efc80000)
  to   space 7168K, 0% used [0x00000000ef000000,0x00000000ef000000,0x00000000ef700000)
 ParOldGen       total 44032K, used 7313K [0x00000000c1400000, 0x00000000c3f00000, 0x00000000eb180000)
  object space 44032K, 16% used [0x00000000c1400000,0x00000000c1b24498,0x00000000c3f00000)
 Metaspace       used 19202K, capacity 19810K, committed 20096K, reserved 1067008K
  class space    used 2447K, capacity 2603K, committed 2688K, reserved 1048576K
}
Event: 4.860 GC heap before
{Heap before GC invocations=7 (full 0):
 PSYoungGen      total 69632K, used 21202K [0x00000000eb180000, 0x00000000eff80000, 0x0000000100000000)
  eden space 64000K, 24% used [0x00000000eb180000,0x00000000ec0b5bf0,0x00000000ef000000)
  from space 5632K, 99% used [0x00000000ef700000,0x00000000efc7ef88,0x00000000efc80000)
  to   space 7168K, 0% used [0x00000000ef000000,0x00000000ef000000,0x00000000ef700000)
 ParOldGen       total 44032K, used 7313K [0x00000000c1400000, 0x00000000c3f00000, 0x00000000eb180000)
  object space 44032K, 16% used [0x00000000c1400000,0x00000000c1b24498,0x00000000c3f00000)
 Metaspace       used 20613K, capacity 21166K, committed 21248K, reserved 1067008K
  class space    used 2640K, capacity 2775K, committed 2816K, reserved 1048576K
Event: 4.874 GC heap after
Heap after GC invocations=7 (full 0):
 PSYoungGen      total 71168K, used 3879K [0x00000000eb180000, 0x00000000eff80000, 0x0000000100000000)
  eden space 64000K, 0% used [0x00000000eb180000,0x00000000eb180000,0x00000000ef000000)
  from space 7168K, 54% used [0x00000000ef000000,0x00000000ef3c9c68,0x00000000ef700000)
  to   space 5632K, 0% used [0x00000000ef700000,0x00000000ef700000,0x00000000efc80000)
 ParOldGen       total 44032K, used 8779K [0x00000000c1400000, 0x00000000c3f00000, 0x00000000eb180000)
  object space 44032K, 19% used [0x00000000c1400000,0x00000000c1c92e20,0x00000000c3f00000)
 Metaspace       used 20613K, capacity 21166K, committed 21248K, reserved 1067008K
  class space    used 2640K, capacity 2775K, committed 2816K, reserved 1048576K
}
Event: 4.874 GC heap before
{Heap before GC invocations=8 (full 1):
 PSYoungGen      total 71168K, used 3879K [0x00000000eb180000, 0x00000000eff80000, 0x0000000100000000)
  eden space 64000K, 0% used [0x00000000eb180000,0x00000000eb180000,0x00000000ef000000)
  from space 7168K, 54% used [0x00000000ef000000,0x00000000ef3c9c68,0x00000000ef700000)
  to   space 5632K, 0% used [0x00000000ef700000,0x00000000ef700000,0x00000000efc80000)
 ParOldGen       total 44032K, used 8779K [0x00000000c1400000, 0x00000000c3f00000, 0x00000000eb180000)
  object space 44032K, 19% used [0x00000000c1400000,0x00000000c1c92e20,0x00000000c3f00000)
 Metaspace       used 20613K, capacity 21166K, committed 21248K, reserved 1067008K
  class space    used 2640K, capacity 2775K, committed 2816K, reserved 1048576K
Event: 4.920 GC heap after
Heap after GC invocations=8 (full 1):
 PSYoungGen      total 71168K, used 0K [0x00000000eb180000, 0x00000000eff80000, 0x0000000100000000)
  eden space 64000K, 0% used [0x00000000eb180000,0x00000000eb180000,0x00000000ef000000)
  from space 7168K, 0% used [0x00000000ef000000,0x00000000ef000000,0x00000000ef700000)
  to   space 5632K, 0% used [0x00000000ef700000,0x00000000ef700000,0x00000000efc80000)
 ParOldGen       total 32256K, used 6522K [0x00000000c1400000, 0x00000000c3380000, 0x00000000eb180000)
  object space 32256K, 20% used [0x00000000c1400000,0x00000000c1a5ea20,0x00000000c3380000)
 Metaspace       used 20611K, capacity 21160K, committed 21248K, reserved 1067008K
  class space    used 2639K, capacity 2774K, committed 2816K, reserved 1048576K
}
Event: 5.928 GC heap before
{Heap before GC invocations=9 (full 1):
 PSYoungGen      total 71168K, used 64000K [0x00000000eb180000, 0x00000000eff80000, 0x0000000100000000)
  eden space 64000K, 100% used [0x00000000eb180000,0x00000000ef000000,0x00000000ef000000)
  from space 7168K, 0% used [0x00000000ef000000,0x00000000ef000000,0x00000000ef700000)
  to   space 5632K, 0% used [0x00000000ef700000,0x00000000ef700000,0x00000000efc80000)
 ParOldGen       total 32256K, used 6522K [0x00000000c1400000, 0x00000000c3380000, 0x00000000eb180000)
  object space 32256K, 20% used [0x00000000c1400000,0x00000000c1a5ea20,0x00000000c3380000)
 Metaspace       used 23027K, capacity 23770K, committed 23936K, reserved 1071104K
  class space    used 2933K, capacity 3125K, committed 3200K, reserved 1048576K
Event: 5.932 GC heap after
Heap after GC invocations=9 (full 1):
 PSYoungGen      total 70144K, used 3416K [0x00000000eb180000, 0x00000000f1f80000, 0x0000000100000000)
  eden space 64512K, 0% used [0x00000000eb180000,0x00000000eb180000,0x00000000ef080000)
  from space 5632K, 60% used [0x00000000ef700000,0x00000000efa56210,0x00000000efc80000)
  to   space 6656K, 0% used [0x00000000ef080000,0x00000000ef080000,0x00000000ef700000)
 ParOldGen       total 32256K, used 6594K [0x00000000c1400000, 0x00000000c3380000, 0x00000000eb180000)
  object space 32256K, 20% used [0x00000000c1400000,0x00000000c1a70a30,0x00000000c3380000)
 Metaspace       used 23027K, capacity 23770K, committed 23936K, reserved 1071104K
  class space    used 2933K, capacity 3125K, committed 3200K, reserved 1048576K
}

