# JRE version: Java(TM) SE Runtime Environment (8.0_144-b01) (build 1.8.0_144-b01)
# Java VM: Java HotSpot(TM) 64-Bit Server VM (25.144-b01 mixed mode windows-amd64 compressed oops)
Heap:
 PSYoungGen      total 83456K, used 19740K [0x00000000eb180000, 0x00000000f0900000, 0x0000000100000000)
  eden space 78336K, 25% used [0x00000000eb180000,0x00000000ec4c7040,0x00000000efe00000)
  from space 5120K, 0% used [0x00000000f0400000,0x00000000f0400000,0x00000000f0900000)
  to   space 5632K, 0% used [0x00000000efe00000,0x00000000efe00000,0x00000000f0380000)
 ParOldGen       total 40448K, used 14128K [0x00000000c1400000, 0x00000000c3b80000, 0x00000000eb180000)
  object space 40448K, 34% used [0x00000000c1400000,0x00000000c21cc088,0x00000000c3b80000)
 Metaspace       used 36927K, capacity 38528K, committed 38780K, reserved 1083392K
  class space    used 4684K, capacity 4974K, committed 4988K, reserved 1048576K
GC Heap History (10 events):
Event: 10.014 GC heap before
{Heap before GC invocations=16 (full 1):
 PSYoungGen      total 43008K, used 39738K [0x00000000eb180000, 0x00000000ee180000, 0x0000000100000000)
  eden space 37888K, 100% used [0x00000000eb180000,0x00000000ed680000,0x00000000ed680000)
  from space 5120K, 36% used [0x00000000edc80000,0x00000000ede4ea78,0x00000000ee180000)
  to   space 5632K, 0% used [0x00000000ed680000,0x00000000ed680000,0x00000000edc00000)
 ParOldGen       total 25088K, used 6755K [0x00000000c1400000, 0x00000000c2c80000, 0x00000000eb180000)
  object space 25088K, 26% used [0x00000000c1400000,0x00000000c1a98d40,0x00000000c2c80000)
 Metaspace       used 26543K, capacity 27512K, committed 27772K, reserved 1073152K
  class space    used 3440K, capacity 3640K, committed 3708K, reserved 1048576K
Event: 10.021 GC heap after
Heap after GC invocations=16 (full 1):
 PSYoungGen      total 43520K, used 4253K [0x00000000eb180000, 0x00000000ef600000, 0x0000000100000000)
  eden space 37888K, 0% used [0x00000000eb180000,0x00000000eb180000,0x00000000ed680000)
  from space 5632K, 75% used [0x00000000ed680000,0x00000000edaa75f0,0x00000000edc00000)
  to   space 5632K, 0% used [0x00000000ef080000,0x00000000ef080000,0x00000000ef600000)
 ParOldGen       total 25088K, used 7879K [0x00000000c1400000, 0x00000000c2c80000, 0x00000000eb180000)
  object space 25088K, 31% used [0x00000000c1400000,0x00000000c1bb1f90,0x00000000c2c80000)
 Metaspace       used 26543K, capacity 27512K, committed 27772K, reserved 1073152K
  class space    used 3440K, capacity 3640K, committed 3708K, reserved 1048576K
}
Event: 11.076 GC heap before
{Heap before GC invocations=17 (full 1):
 PSYoungGen      total 43520K, used 42141K [0x00000000eb180000, 0x00000000ef600000, 0x0000000100000000)
  eden space 37888K, 100% used [0x00000000eb180000,0x00000000ed680000,0x00000000ed680000)
  from space 5632K, 75% used [0x00000000ed680000,0x00000000edaa75f0,0x00000000edc00000)
  to   space 5632K, 0% used [0x00000000ef080000,0x00000000ef080000,0x00000000ef600000)
 ParOldGen       total 25088K, used 7879K [0x00000000c1400000, 0x00000000c2c80000, 0x00000000eb180000)
  object space 25088K, 31% used [0x00000000c1400000,0x00000000c1bb1f90,0x00000000c2c80000)
 Metaspace       used 29423K, capacity 30648K, committed 30716K, reserved 1075200K
  class space    used 3807K, capacity 4064K, committed 4092K, reserved 1048576K
Event: 11.084 GC heap after
Heap after GC invocations=17 (full 1):
 PSYoungGen      total 63488K, used 3470K [0x00000000eb180000, 0x00000000ef580000, 0x0000000100000000)
  eden space 58368K, 0% used [0x00000000eb180000,0x00000000eb180000,0x00000000eea80000)
  from space 5120K, 67% used [0x00000000ef080000,0x00000000ef3e3ac0,0x00000000ef580000)
  to   space 5632K, 0% used [0x00000000eea80000,0x00000000eea80000,0x00000000ef000000)
 ParOldGen       total 25088K, used 9671K [0x00000000c1400000, 0x00000000c2c80000, 0x00000000eb180000)
  object space 25088K, 38% used [0x00000000c1400000,0x00000000c1d71fd0,0x00000000c2c80000)
 Metaspace       used 29423K, capacity 30648K, committed 30716K, reserved 1075200K
  class space    used 3807K, capacity 4064K, committed 4092K, reserved 1048576K
}
Event: 12.108 GC heap before
{Heap before GC invocations=18 (full 1):
 PSYoungGen      total 63488K, used 61823K [0x00000000eb180000, 0x00000000ef580000, 0x0000000100000000)
  eden space 58368K, 99% used [0x00000000eb180000,0x00000000eea7c3a0,0x00000000eea80000)
  from space 5120K, 67% used [0x00000000ef080000,0x00000000ef3e3ac0,0x00000000ef580000)
  to   space 5632K, 0% used [0x00000000eea80000,0x00000000eea80000,0x00000000ef000000)
 ParOldGen       total 25088K, used 9671K [0x00000000c1400000, 0x00000000c2c80000, 0x00000000eb180000)
  object space 25088K, 38% used [0x00000000c1400000,0x00000000c1d71fd0,0x00000000c2c80000)
 Metaspace       used 32055K, capacity 33556K, committed 33660K, reserved 1079296K
  class space    used 4120K, capacity 4412K, committed 4476K, reserved 1048576K
Event: 12.120 GC heap after
Heap after GC invocations=18 (full 1):
 PSYoungGen      total 64000K, used 3485K [0x00000000eb180000, 0x00000000f0980000, 0x0000000100000000)
  eden space 58368K, 0% used [0x00000000eb180000,0x00000000eb180000,0x00000000eea80000)
  from space 5632K, 61% used [0x00000000eea80000,0x00000000eede75c0,0x00000000ef000000)
  to   space 5632K, 0% used [0x00000000f0400000,0x00000000f0400000,0x00000000f0980000)
 ParOldGen       total 25088K, used 11599K [0x00000000c1400000, 0x00000000c2c80000, 0x00000000eb180000)
  object space 25088K, 46% used [0x00000000c1400000,0x00000000c1f53ff0,0x00000000c2c80000)
 Metaspace       used 32055K, capacity 33556K, committed 33660K, reserved 1079296K
  class space    used 4120K, capacity 4412K, committed 4476K, reserved 1048576K
}
Event: 13.138 GC heap before
{Heap before GC invocations=19 (full 1):
 PSYoungGen      total 64000K, used 31594K [0x00000000eb180000, 0x00000000f0980000, 0x0000000100000000)
  eden space 58368K, 48% used [0x00000000eb180000,0x00000000eccf3370,0x00000000eea80000)
  from space 5632K, 61% used [0x00000000eea80000,0x00000000eede75c0,0x00000000ef000000)
  to   space 5632K, 0% used [0x00000000f0400000,0x00000000f0400000,0x00000000f0980000)
 ParOldGen       total 25088K, used 11599K [0x00000000c1400000, 0x00000000c2c80000, 0x00000000eb180000)
  object space 25088K, 46% used [0x00000000c1400000,0x00000000c1f53ff0,0x00000000c2c80000)
 Metaspace       used 34421K, capacity 35980K, committed 36048K, reserved 1081344K
  class space    used 4398K, capacity 4708K, committed 4732K, reserved 1048576K
Event: 13.145 GC heap after
Heap after GC invocations=19 (full 1):
 PSYoungGen      total 83456K, used 2824K [0x00000000eb180000, 0x00000000f0900000, 0x0000000100000000)
  eden space 78336K, 0% used [0x00000000eb180000,0x00000000eb180000,0x00000000efe00000)
  from space 5120K, 55% used [0x00000000f0400000,0x00000000f06c22b0,0x00000000f0900000)
  to   space 5632K, 0% used [0x00000000efe00000,0x00000000efe00000,0x00000000f0380000)
 ParOldGen       total 25088K, used 13168K [0x00000000c1400000, 0x00000000c2c80000, 0x00000000eb180000)
  object space 25088K, 52% used [0x00000000c1400000,0x00000000c20dc020,0x00000000c2c80000)
 Metaspace       used 34421K, capacity 35980K, committed 36048K, reserved 1081344K
  class space    used 4398K, capacity 4708K, committed 4732K, reserved 1048576K
}
Event: 13.145 GC heap before
{Heap before GC invocations=20 (full 2):
 PSYoungGen      total 83456K, used 2824K [0x00000000eb180000, 0x00000000f0900000, 0x0000000100000000)
  eden space 78336K, 0% used [0x00000000eb180000,0x00000000eb180000,0x00000000efe00000)
  from space 5120K, 55% used [0x00000000f0400000,0x00000000f06c22b0,0x00000000f0900000)
  to   space 5632K, 0% used [0x00000000efe00000,0x00000000efe00000,0x00000000f0380000)
 ParOldGen       total 25088K, used 13168K [0x00000000c1400000, 0x00000000c2c80000, 0x00000000eb180000)
  object space 25088K, 52% used [0x00000000c1400000,0x00000000c20dc020,0x00000000c2c80000)
 Metaspace       used 34421K, capacity 35980K, committed 36048K, reserved 1081344K
  class space    used 4398K, capacity 4708K, committed 4732K, reserved 1048576K
Event: 13.239 GC heap after
Heap after GC invocations=20 (full 2):
 PSYoungGen      total 83456K, used 0K [0x00000000eb180000, 0x00000000f0900000, 0x0000000100000000)
  eden space 78336K, 0% used [0x00000000eb180000,0x00000000eb180000,0x00000000efe00000)
  from space 5120K, 0% used [0x00000000f0400000,0x00000000f0400000,0x00000000f0900000)
  to   space 5632K, 0% used [0x00000000efe00000,0x00000000efe00000,0x00000000f0380000)
 ParOldGen       total 40448K, used 14128K [0x00000000c1400000, 0x00000000c3b80000, 0x00000000eb180000)
  object space 40448K, 34% used [0x00000000c1400000,0x00000000c21cc088,0x00000000c3b80000)
 Metaspace       used 34421K, capacity 35980K, committed 36048K, reserved 1081344K
  class space    used 4398K, capacity 4708K, committed 4732K, reserved 1048576K
}

