# JRE version: Java(TM) SE Runtime Environment (8.0_144-b01) (build 1.8.0_144-b01)
# Java VM: Java HotSpot(TM) 64-Bit Server VM (25.144-b01 mixed mode windows-amd64 compressed oops)
Heap:
 PSYoungGen      total 107008K, used 42762K [0x00000000eb180000, 0x00000000f4700000, 0x0000000100000000)
  eden space 100864K, 36% used [0x00000000eb180000,0x00000000ed549060,0x00000000f1400000)
  from space 6144K, 99% used [0x00000000f1400000,0x00000000f19f9988,0x00000000f1a00000)
  to   space 9216K, 0% used [0x00000000f3e00000,0x00000000f3e00000,0x00000000f4700000)
 ParOldGen       total 36352K, used 20857K [0x00000000c1400000, 0x00000000c3780000, 0x00000000eb180000)
  object space 36352K, 57% used [0x00000000c1400000,0x00000000c285e798,0x00000000c3780000)
 Metaspace       used 50125K, capacity 51858K, committed 52312K, reserved 1093632K
  class space    used 6817K, capacity 7147K, committed 7256K, reserved 1048576K
GC Heap History (10 events):
Event: 11.516 GC heap before
{Heap before GC invocations=15 (full 1):
 PSYoungGen      total 46080K, used 45239K [0x00000000eb180000, 0x00000000efc00000, 0x0000000100000000)
  eden space 40960K, 100% used [0x00000000eb180000,0x00000000ed980000,0x00000000ed980000)
  from space 5120K, 83% used [0x00000000ed980000,0x00000000eddadf10,0x00000000ede80000)
  to   space 5632K, 0% used [0x00000000ef680000,0x00000000ef680000,0x00000000efc00000)
 ParOldGen       total 25600K, used 7624K [0x00000000c1400000, 0x00000000c2d00000, 0x00000000eb180000)
  object space 25600K, 29% used [0x00000000c1400000,0x00000000c1b72280,0x00000000c2d00000)
 Metaspace       used 28351K, capacity 29446K, committed 29568K, reserved 1075200K
  class space    used 3648K, capacity 3889K, committed 3968K, reserved 1048576K
Event: 11.524 GC heap after
Heap after GC invocations=15 (full 1):
 PSYoungGen      total 69632K, used 3818K [0x00000000eb180000, 0x00000000efb80000, 0x0000000100000000)
  eden space 64512K, 0% used [0x00000000eb180000,0x00000000eb180000,0x00000000ef080000)
  from space 5120K, 74% used [0x00000000ef680000,0x00000000efa3a820,0x00000000efb80000)
  to   space 5632K, 0% used [0x00000000ef080000,0x00000000ef080000,0x00000000ef600000)
 ParOldGen       total 25600K, used 9764K [0x00000000c1400000, 0x00000000c2d00000, 0x00000000eb180000)
  object space 25600K, 38% used [0x00000000c1400000,0x00000000c1d892b8,0x00000000c2d00000)
 Metaspace       used 28351K, capacity 29446K, committed 29568K, reserved 1075200K
  class space    used 3648K, capacity 3889K, committed 3968K, reserved 1048576K
}
Event: 13.118 GC heap before
{Heap before GC invocations=16 (full 1):
 PSYoungGen      total 69632K, used 68278K [0x00000000eb180000, 0x00000000efb80000, 0x0000000100000000)
  eden space 64512K, 99% used [0x00000000eb180000,0x00000000ef0730a0,0x00000000ef080000)
  from space 5120K, 74% used [0x00000000ef680000,0x00000000efa3a820,0x00000000efb80000)
  to   space 5632K, 0% used [0x00000000ef080000,0x00000000ef080000,0x00000000ef600000)
 ParOldGen       total 25600K, used 9764K [0x00000000c1400000, 0x00000000c2d00000, 0x00000000eb180000)
  object space 25600K, 38% used [0x00000000c1400000,0x00000000c1d892b8,0x00000000c2d00000)
 Metaspace       used 32030K, capacity 33452K, committed 33664K, reserved 1079296K
  class space    used 4108K, capacity 4412K, committed 4480K, reserved 1048576K
Event: 13.128 GC heap after
Heap after GC invocations=16 (full 1):
 PSYoungGen      total 70144K, used 4799K [0x00000000eb180000, 0x00000000f2080000, 0x0000000100000000)
  eden space 64512K, 0% used [0x00000000eb180000,0x00000000eb180000,0x00000000ef080000)
  from space 5632K, 85% used [0x00000000ef080000,0x00000000ef52fcd0,0x00000000ef600000)
  to   space 6144K, 0% used [0x00000000f1a80000,0x00000000f1a80000,0x00000000f2080000)
 ParOldGen       total 25600K, used 11620K [0x00000000c1400000, 0x00000000c2d00000, 0x00000000eb180000)
  object space 25600K, 45% used [0x00000000c1400000,0x00000000c1f592b8,0x00000000c2d00000)
 Metaspace       used 32030K, capacity 33452K, committed 33664K, reserved 1079296K
  class space    used 4108K, capacity 4412K, committed 4480K, reserved 1048576K
}
Event: 14.041 GC heap before
{Heap before GC invocations=17 (full 1):
 PSYoungGen      total 70144K, used 35474K [0x00000000eb180000, 0x00000000f2080000, 0x0000000100000000)
  eden space 64512K, 47% used [0x00000000eb180000,0x00000000ecf74c28,0x00000000ef080000)
  from space 5632K, 85% used [0x00000000ef080000,0x00000000ef52fcd0,0x00000000ef600000)
  to   space 6144K, 0% used [0x00000000f1a80000,0x00000000f1a80000,0x00000000f2080000)
 ParOldGen       total 25600K, used 11620K [0x00000000c1400000, 0x00000000c2d00000, 0x00000000eb180000)
  object space 25600K, 45% used [0x00000000c1400000,0x00000000c1f592b8,0x00000000c2d00000)
 Metaspace       used 33836K, capacity 35360K, committed 35416K, reserved 1079296K
  class space    used 4337K, capacity 4644K, committed 4696K, reserved 1048576K
Event: 14.047 GC heap after
Heap after GC invocations=17 (full 1):
 PSYoungGen      total 106496K, used 2249K [0x00000000eb180000, 0x00000000f2000000, 0x0000000100000000)
  eden space 100864K, 0% used [0x00000000eb180000,0x00000000eb180000,0x00000000f1400000)
  from space 5632K, 39% used [0x00000000f1a80000,0x00000000f1cb2508,0x00000000f2000000)
  to   space 6144K, 0% used [0x00000000f1400000,0x00000000f1400000,0x00000000f1a00000)
 ParOldGen       total 25600K, used 13852K [0x00000000c1400000, 0x00000000c2d00000, 0x00000000eb180000)
  object space 25600K, 54% used [0x00000000c1400000,0x00000000c2187308,0x00000000c2d00000)
 Metaspace       used 33836K, capacity 35360K, committed 35416K, reserved 1079296K
  class space    used 4337K, capacity 4644K, committed 4696K, reserved 1048576K
}
Event: 14.047 GC heap before
{Heap before GC invocations=18 (full 2):
 PSYoungGen      total 106496K, used 2249K [0x00000000eb180000, 0x00000000f2000000, 0x0000000100000000)
  eden space 100864K, 0% used [0x00000000eb180000,0x00000000eb180000,0x00000000f1400000)
  from space 5632K, 39% used [0x00000000f1a80000,0x00000000f1cb2508,0x00000000f2000000)
  to   space 6144K, 0% used [0x00000000f1400000,0x00000000f1400000,0x00000000f1a00000)
 ParOldGen       total 25600K, used 13852K [0x00000000c1400000, 0x00000000c2d00000, 0x00000000eb180000)
  object space 25600K, 54% used [0x00000000c1400000,0x00000000c2187308,0x00000000c2d00000)
 Metaspace       used 33836K, capacity 35360K, committed 35416K, reserved 1079296K
  class space    used 4337K, capacity 4644K, committed 4696K, reserved 1048576K
Event: 14.118 GC heap after
Heap after GC invocations=18 (full 2):
 PSYoungGen      total 106496K, used 0K [0x00000000eb180000, 0x00000000f2000000, 0x0000000100000000)
  eden space 100864K, 0% used [0x00000000eb180000,0x00000000eb180000,0x00000000f1400000)
  from space 5632K, 0% used [0x00000000f1a80000,0x00000000f1a80000,0x00000000f2000000)
  to   space 6144K, 0% used [0x00000000f1400000,0x00000000f1400000,0x00000000f1a00000)
 ParOldGen       total 36352K, used 13696K [0x00000000c1400000, 0x00000000c3780000, 0x00000000eb180000)
  object space 36352K, 37% used [0x00000000c1400000,0x00000000c21601e0,0x00000000c3780000)
 Metaspace       used 33836K, capacity 35360K, committed 35416K, reserved 1079296K
  class space    used 4337K, capacity 4644K, committed 4696K, reserved 1048576K
}
Event: 18.628 GC heap before
{Heap before GC invocations=19 (full 2):
 PSYoungGen      total 106496K, used 100864K [0x00000000eb180000, 0x00000000f2000000, 0x0000000100000000)
  eden space 100864K, 100% used [0x00000000eb180000,0x00000000f1400000,0x00000000f1400000)
  from space 5632K, 0% used [0x00000000f1a80000,0x00000000f1a80000,0x00000000f2000000)
  to   space 6144K, 0% used [0x00000000f1400000,0x00000000f1400000,0x00000000f1a00000)
 ParOldGen       total 36352K, used 13696K [0x00000000c1400000, 0x00000000c3780000, 0x00000000eb180000)
  object space 36352K, 37% used [0x00000000c1400000,0x00000000c21601e0,0x00000000c3780000)
 Metaspace       used 46652K, capacity 48316K, committed 48600K, reserved 1091584K
  class space    used 6192K, capacity 6516K, committed 6616K, reserved 1048576K
Event: 18.647 GC heap after
Heap after GC invocations=19 (full 2):
 PSYoungGen      total 107008K, used 6118K [0x00000000eb180000, 0x00000000f4700000, 0x0000000100000000)
  eden space 100864K, 0% used [0x00000000eb180000,0x00000000eb180000,0x00000000f1400000)
  from space 6144K, 99% used [0x00000000f1400000,0x00000000f19f9988,0x00000000f1a00000)
  to   space 9216K, 0% used [0x00000000f3e00000,0x00000000f3e00000,0x00000000f4700000)
 ParOldGen       total 36352K, used 20857K [0x00000000c1400000, 0x00000000c3780000, 0x00000000eb180000)
  object space 36352K, 57% used [0x00000000c1400000,0x00000000c285e798,0x00000000c3780000)
 Metaspace       used 46652K, capacity 48316K, committed 48600K, reserved 1091584K
  class space    used 6192K, capacity 6516K, committed 6616K, reserved 1048576K
}

